0 info it worked if it ends with ok
1 verbose cli [ '/usr/local/Cellar/node/6.1.0/bin/node',
1 verbose cli   '/usr/local/bin/npm',
1 verbose cli   'install',
1 verbose cli   'jsonwebtoken',
1 verbose cli   'ng-fileupload',
1 verbose cli   'request' ]
2 info using npm@3.9.5
3 info using node@v6.1.0
4 silly loadCurrentTree Starting
5 silly install loadCurrentTree
6 silly install readLocalPackageData
7 silly fetchPackageMetaData jsonwebtoken
8 silly fetchPackageMetaData ng-fileupload
9 silly fetchPackageMetaData request
10 silly fetchNamedPackageData jsonwebtoken
11 silly mapToRegistry name jsonwebtoken
12 silly mapToRegistry using default registry
13 silly mapToRegistry registry https://registry.npmjs.org/
14 silly mapToRegistry data Result {
14 silly mapToRegistry   raw: 'jsonwebtoken',
14 silly mapToRegistry   scope: null,
14 silly mapToRegistry   name: 'jsonwebtoken',
14 silly mapToRegistry   rawSpec: '',
14 silly mapToRegistry   spec: 'latest',
14 silly mapToRegistry   type: 'tag' }
15 silly mapToRegistry uri https://registry.npmjs.org/jsonwebtoken
16 silly fetchNamedPackageData ng-fileupload
17 silly mapToRegistry name ng-fileupload
18 silly mapToRegistry using default registry
19 silly mapToRegistry registry https://registry.npmjs.org/
20 silly mapToRegistry data Result {
20 silly mapToRegistry   raw: 'ng-fileupload',
20 silly mapToRegistry   scope: null,
20 silly mapToRegistry   name: 'ng-fileupload',
20 silly mapToRegistry   rawSpec: '',
20 silly mapToRegistry   spec: 'latest',
20 silly mapToRegistry   type: 'tag' }
21 silly mapToRegistry uri https://registry.npmjs.org/ng-fileupload
22 silly fetchNamedPackageData request
23 silly mapToRegistry name request
24 silly mapToRegistry using default registry
25 silly mapToRegistry registry https://registry.npmjs.org/
26 silly mapToRegistry data Result {
26 silly mapToRegistry   raw: 'request',
26 silly mapToRegistry   scope: null,
26 silly mapToRegistry   name: 'request',
26 silly mapToRegistry   rawSpec: '',
26 silly mapToRegistry   spec: 'latest',
26 silly mapToRegistry   type: 'tag' }
27 silly mapToRegistry uri https://registry.npmjs.org/request
28 verbose request uri https://registry.npmjs.org/ng-fileupload
29 verbose request no auth needed
30 info attempt registry request try #1 at 8:34:53 PM
31 verbose request id 8d4c620ca2c37bdd
32 http request GET https://registry.npmjs.org/ng-fileupload
33 verbose request uri https://registry.npmjs.org/jsonwebtoken
34 verbose request no auth needed
35 info attempt registry request try #1 at 8:34:53 PM
36 verbose etag "4GO6X6RD9YRL4YSYCQ6SHKNNA"
37 http request GET https://registry.npmjs.org/jsonwebtoken
38 verbose request uri https://registry.npmjs.org/request
39 verbose request no auth needed
40 info attempt registry request try #1 at 8:34:53 PM
41 verbose etag "DXN5JGV9XC3DU8GIKE6E4VB76"
42 http request GET https://registry.npmjs.org/request
43 http 304 https://registry.npmjs.org/request
44 verbose headers { date: 'Fri, 02 Sep 2016 01:34:53 GMT',
44 verbose headers   via: '1.1 varnish',
44 verbose headers   'cache-control': 'max-age=300',
44 verbose headers   etag: '"DXN5JGV9XC3DU8GIKE6E4VB76"',
44 verbose headers   age: '15',
44 verbose headers   connection: 'keep-alive',
44 verbose headers   'x-served-by': 'cache-ord1734-ORD',
44 verbose headers   'x-cache': 'HIT',
44 verbose headers   'x-cache-hits': '1',
44 verbose headers   'x-timer': 'S1472780093.447404,VS0,VE0',
44 verbose headers   vary: 'Accept-Encoding' }
45 silly get cb [ 304,
45 silly get   { date: 'Fri, 02 Sep 2016 01:34:53 GMT',
45 silly get     via: '1.1 varnish',
45 silly get     'cache-control': 'max-age=300',
45 silly get     etag: '"DXN5JGV9XC3DU8GIKE6E4VB76"',
45 silly get     age: '15',
45 silly get     connection: 'keep-alive',
45 silly get     'x-served-by': 'cache-ord1734-ORD',
45 silly get     'x-cache': 'HIT',
45 silly get     'x-cache-hits': '1',
45 silly get     'x-timer': 'S1472780093.447404,VS0,VE0',
45 silly get     vary: 'Accept-Encoding' } ]
46 verbose etag https://registry.npmjs.org/request from cache
47 verbose get saving request to /Users/tracey/.npm/registry.npmjs.org/request/.cache.json
48 verbose correctMkdir /Users/tracey/.npm correctMkdir not in flight; initializing
49 http 304 https://registry.npmjs.org/jsonwebtoken
50 verbose headers { date: 'Fri, 02 Sep 2016 01:34:53 GMT',
50 verbose headers   via: '1.1 varnish',
50 verbose headers   'cache-control': 'max-age=300',
50 verbose headers   etag: '"4GO6X6RD9YRL4YSYCQ6SHKNNA"',
50 verbose headers   age: '51',
50 verbose headers   connection: 'keep-alive',
50 verbose headers   'x-served-by': 'cache-ord1726-ORD',
50 verbose headers   'x-cache': 'HIT',
50 verbose headers   'x-cache-hits': '1',
50 verbose headers   'x-timer': 'S1472780093.457276,VS0,VE0',
50 verbose headers   vary: 'Accept-Encoding' }
51 silly get cb [ 304,
51 silly get   { date: 'Fri, 02 Sep 2016 01:34:53 GMT',
51 silly get     via: '1.1 varnish',
51 silly get     'cache-control': 'max-age=300',
51 silly get     etag: '"4GO6X6RD9YRL4YSYCQ6SHKNNA"',
51 silly get     age: '51',
51 silly get     connection: 'keep-alive',
51 silly get     'x-served-by': 'cache-ord1726-ORD',
51 silly get     'x-cache': 'HIT',
51 silly get     'x-cache-hits': '1',
51 silly get     'x-timer': 'S1472780093.457276,VS0,VE0',
51 silly get     vary: 'Accept-Encoding' } ]
52 verbose etag https://registry.npmjs.org/jsonwebtoken from cache
53 verbose get saving jsonwebtoken to /Users/tracey/.npm/registry.npmjs.org/jsonwebtoken/.cache.json
54 verbose correctMkdir /Users/tracey/.npm correctMkdir already in flight; waiting
55 http 404 https://registry.npmjs.org/ng-fileupload
56 verbose headers { 'content-type': 'application/json',
56 verbose headers   'cache-control': 'max-age=0',
56 verbose headers   'content-length': '2',
56 verbose headers   'accept-ranges': 'bytes',
56 verbose headers   date: 'Fri, 02 Sep 2016 01:34:53 GMT',
56 verbose headers   via: '1.1 varnish',
56 verbose headers   age: '0',
56 verbose headers   connection: 'keep-alive',
56 verbose headers   'x-served-by': 'cache-ord1750-ORD',
56 verbose headers   'x-cache': 'MISS',
56 verbose headers   'x-cache-hits': '0',
56 verbose headers   'x-timer': 'S1472780093.451691,VS0,VE35',
56 verbose headers   vary: 'Accept-Encoding' }
57 silly get cb [ 404,
57 silly get   { 'content-type': 'application/json',
57 silly get     'cache-control': 'max-age=0',
57 silly get     'content-length': '2',
57 silly get     'accept-ranges': 'bytes',
57 silly get     date: 'Fri, 02 Sep 2016 01:34:53 GMT',
57 silly get     via: '1.1 varnish',
57 silly get     age: '0',
57 silly get     connection: 'keep-alive',
57 silly get     'x-served-by': 'cache-ord1750-ORD',
57 silly get     'x-cache': 'MISS',
57 silly get     'x-cache-hits': '0',
57 silly get     'x-timer': 'S1472780093.451691,VS0,VE35',
57 silly get     vary: 'Accept-Encoding' } ]
58 silly fetchPackageMetaData Error: Registry returned 404 for GET on https://registry.npmjs.org/ng-fileupload
58 silly fetchPackageMetaData     at makeError (/usr/local/lib/node_modules/npm/node_modules/npm-registry-client/lib/request.js:264:12)
58 silly fetchPackageMetaData     at CachingRegistryClient.<anonymous> (/usr/local/lib/node_modules/npm/node_modules/npm-registry-client/lib/request.js:242:14)
58 silly fetchPackageMetaData     at Request._callback (/usr/local/lib/node_modules/npm/node_modules/npm-registry-client/lib/request.js:172:14)
58 silly fetchPackageMetaData     at Request.self.callback (/usr/local/lib/node_modules/npm/node_modules/request/request.js:200:22)
58 silly fetchPackageMetaData     at emitTwo (events.js:106:13)
58 silly fetchPackageMetaData     at Request.emit (events.js:191:7)
58 silly fetchPackageMetaData     at Request.<anonymous> (/usr/local/lib/node_modules/npm/node_modules/request/request.js:1067:10)
58 silly fetchPackageMetaData     at emitOne (events.js:101:20)
58 silly fetchPackageMetaData     at Request.emit (events.js:188:7)
58 silly fetchPackageMetaData     at IncomingMessage.<anonymous> (/usr/local/lib/node_modules/npm/node_modules/request/request.js:988:12)
58 silly fetchPackageMetaData  error for ng-fileupload { Error: Registry returned 404 for GET on https://registry.npmjs.org/ng-fileupload
58 silly fetchPackageMetaData     at makeError (/usr/local/lib/node_modules/npm/node_modules/npm-registry-client/lib/request.js:264:12)
58 silly fetchPackageMetaData     at CachingRegistryClient.<anonymous> (/usr/local/lib/node_modules/npm/node_modules/npm-registry-client/lib/request.js:242:14)
58 silly fetchPackageMetaData     at Request._callback (/usr/local/lib/node_modules/npm/node_modules/npm-registry-client/lib/request.js:172:14)
58 silly fetchPackageMetaData     at Request.self.callback (/usr/local/lib/node_modules/npm/node_modules/request/request.js:200:22)
58 silly fetchPackageMetaData     at emitTwo (events.js:106:13)
58 silly fetchPackageMetaData     at Request.emit (events.js:191:7)
58 silly fetchPackageMetaData     at Request.<anonymous> (/usr/local/lib/node_modules/npm/node_modules/request/request.js:1067:10)
58 silly fetchPackageMetaData     at emitOne (events.js:101:20)
58 silly fetchPackageMetaData     at Request.emit (events.js:188:7)
58 silly fetchPackageMetaData     at IncomingMessage.<anonymous> (/usr/local/lib/node_modules/npm/node_modules/request/request.js:988:12) pkgid: 'ng-fileupload', statusCode: 404, code: 'E404' }
59 silly rollbackFailedOptional Starting
60 silly rollbackFailedOptional Finishing
61 silly runTopLevelLifecycles Starting
62 silly runTopLevelLifecycles Finishing
63 silly install printInstalled
64 verbose stack Error: Registry returned 404 for GET on https://registry.npmjs.org/ng-fileupload
64 verbose stack     at makeError (/usr/local/lib/node_modules/npm/node_modules/npm-registry-client/lib/request.js:264:12)
64 verbose stack     at CachingRegistryClient.<anonymous> (/usr/local/lib/node_modules/npm/node_modules/npm-registry-client/lib/request.js:242:14)
64 verbose stack     at Request._callback (/usr/local/lib/node_modules/npm/node_modules/npm-registry-client/lib/request.js:172:14)
64 verbose stack     at Request.self.callback (/usr/local/lib/node_modules/npm/node_modules/request/request.js:200:22)
64 verbose stack     at emitTwo (events.js:106:13)
64 verbose stack     at Request.emit (events.js:191:7)
64 verbose stack     at Request.<anonymous> (/usr/local/lib/node_modules/npm/node_modules/request/request.js:1067:10)
64 verbose stack     at emitOne (events.js:101:20)
64 verbose stack     at Request.emit (events.js:188:7)
64 verbose stack     at IncomingMessage.<anonymous> (/usr/local/lib/node_modules/npm/node_modules/request/request.js:988:12)
65 verbose statusCode 404
66 verbose pkgid ng-fileupload
67 verbose cwd /Users/tracey/Desktop/code_challenge_2
68 error Darwin 14.5.0
69 error argv "/usr/local/Cellar/node/6.1.0/bin/node" "/usr/local/bin/npm" "install" "jsonwebtoken" "ng-fileupload" "request"
70 error node v6.1.0
71 error npm  v3.9.5
72 error code E404
73 error 404 Registry returned 404 for GET on https://registry.npmjs.org/ng-fileupload
74 error 404
75 error 404 'ng-fileupload' is not in the npm registry.
76 error 404 You should bug the author to publish it (or use the name yourself!)
77 error 404 Note that you can also install from a
78 error 404 tarball, folder, http url, or git url.
79 verbose exit [ 1, true ]
